size:  34, solutions:     1, p99:   0.286s, method:  simulated_annealing, last: 19,22,2,10,14,23,29,27,6,12,26,4,13,30,8,1,21,7,24,11,28,5,18,32,15,20,3,31,25,9,17,33,0,16
size:  35, solutions:     1, p99:  20.215s, method:  simulated_annealing, last: 24,26,16,29,13,17,4,9,7,31,25,15,1,8,6,23,3,33,19,10,27,32,22,20,30,0,5,21,2,34,11,14,28,18,12
size:  36, solutions:     1, p99:   1.547s, method:  simulated_annealing, last: 18,7,15,27,8,24,33,14,20,5,12,34,4,21,23,10,17,32,1,29,31,26,13,9,3,25,0,11,16,2,28,30,35,22,19,6
size:  37, solutions:     1, p99:   0.991s, method:  simulated_annealing, last: 22,29,35,7,15,13,8,10,4,26,3,20,30,25,14,9,31,23,28,1,12,6,11,2,5,24,0,34,16,19,21,36,27,17,32,18,33
size:  38, solutions:     1, p99:   1.663s, method:  simulated_annealing, last: 1,11,14,0,21,30,9,26,28,33,8,34,12,6,27,36,32,35,2,24,29,25,16,31,15,7,4,17,3,5,10,37,18,20,13,23,19,22
size:  39, solutions:     1, p99:   1.796s, method:  simulated_annealing, last: 9,24,22,19,10,27,34,26,21,36,13,4,7,37,14,20,0,29,35,2,16,18,32,38,3,33,12,28,15,31,1,11,5,8,23,17,30,25,6
size:  40, solutions:     1, p99:   3.616s, method:  simulated_annealing, last: 36,18,15,19,29,8,2,33,16,14,28,0,23,1,34,38,25,12,3,11,24,31,6,9,26,39,20,27,21,5,13,37,7,4,32,22,35,10,17,30
size:  41, solutions:     1, p99:  16.864s, method:  simulated_annealing, last: 21,9,6,14,26,28,18,16,35,19,24,7,10,37,32,4,33,3,23,12,39,36,25,13,2,38,1,8,27,0,22,11,34,15,17,30,20,31,29,5,40
size:  42, solutions:     1, p99:   0.179s, method:  simulated_annealing, last: 14,21,4,18,25,38,35,16,1,27,40,15,23,39,26,13,32,36,28,19,5,3,8,10,30,22,29,17,6,34,2,0,7,9,11,31,24,20,37,12,41,33
size:  43, solutions:     1, p99:   2.684s, method:  simulated_annealing, last: 15,22,29,13,34,28,26,7,10,42,17,25,36,21,40,27,41,8,1,11,4,0,18,16,2,20,39,14,32,6,31,12,35,19,3,23,33,9,37,5,38,30,24
size:  44, solutions:     1, p99:   6.254s, method:  simulated_annealing, last: 1,22,30,11,16,12,39,23,21,15,3,38,35,5,34,10,40,42,32,36,24,6,9,28,2,14,20,8,43,25,13,33,31,19,0,7,26,4,29,37,17,41,18,27
size:  45, solutions:     1, p99:   4.568s, method:  simulated_annealing, last: 2,40,20,35,26,21,4,13,25,5,36,8,3,16,23,43,15,28,38,29,39,7,14,1,18,37,27,34,42,44,19,12,32,6,0,9,41,30,22,11,17,24,10,33,31
size:  46, solutions:     1, p99:  62.317s, method:  simulated_annealing, last: 14,10,33,15,12,22,27,1,23,38,35,2,44,9,7,37,21,17,24,42,39,4,19,5,26,45,6,30,32,40,16,20,8,3,41,36,13,18,25,0,28,31,34,11,43,29
size:  47, solutions:     1, p99:   3.791s, method:  simulated_annealing, last: 19,44,13,32,26,42,6,15,25,7,11,17,38,31,28,24,39,21,14,10,36,20,12,43,29,18,1,4,35,41,45,33,27,46,3,5,0,40,16,22,34,8,30,9,23,37,2
size:  48, solutions:     1, p99:   8.275s, method:  simulated_annealing, last: 23,31,12,19,2,44,21,26,1,8,27,18,13,22,46,42,36,39,20,11,28,47,4,41,29,6,40,38,34,17,10,16,9,45,5,24,15,37,7,3,30,35,25,0,14,32,43,33
size:  49, solutions:     1, p99:   1.887s, method:  simulated_annealing, last: 31,1,23,9,3,39,32,30,19,36,12,28,40,48,7,34,20,0,25,16,6,41,37,10,8,15,27,45,26,21,4,44,42,18,14,47,11,5,17,2,43,46,24,38,35,33,22,13,29
size:  50, solutions:     1, p99:   2.852s, method:  simulated_annealing, last: 15,33,25,23,26,49,27,11,8,35,2,45,1,46,22,16,21,47,6,29,38,7,19,48,41,28,17,40,4,0,20,43,34,39,12,14,3,24,31,37,5,10,36,42,18,30,9,13,44,32
size:  51, solutions:     1, p99:   3.209s, method:  simulated_annealing, last: 10,38,30,9,50,4,23,20,12,47,40,25,5,42,21,26,36,17,33,28,1,16,8,41,7,13,27,46,49,45,14,2,44,29,6,32,34,11,43,18,48,19,3,0,24,37,15,22,39,31,35
size:  52, solutions:     1, p99:   3.911s, method:  simulated_annealing, last: 44,24,28,32,6,2,20,16,43,46,31,4,48,11,19,14,26,42,3,50,33,36,9,51,30,47,22,0,45,8,37,7,13,25,29,35,40,38,49,1,12,21,5,18,27,23,10,41,34,17,15,39
size:  53, solutions:     1, p99:  13.999s, method:  simulated_annealing, last: 34,14,3,21,46,32,35,2,28,33,6,18,10,49,11,30,42,38,17,8,31,44,52,45,16,7,40,36,0,15,13,48,51,26,50,22,39,27,43,47,20,12,19,9,23,4,24,1,29,5,41,25,37
size:  54, solutions:     1, p99: 119.423s, method:  simulated_annealing, last: 21,31,28,8,46,34,23,9,19,49,5,24,2,20,39,37,1,3,38,17,4,30,16,14,43,18,53,50,6,11,29,32,48,45,15,27,10,33,52,36,44,41,12,22,47,51,26,0,35,25,7,13,40,42
size:  55, solutions:     1, p99:   5.636s, method:  simulated_annealing, last: 42,16,51,33,23,40,29,17,4,10,8,22,36,21,50,43,25,38,5,48,52,7,0,15,41,31,53,24,2,11,32,6,54,49,27,14,3,26,37,39,28,18,47,9,13,35,1,19,12,20,45,34,46,44,30
size:  56, solutions:     1, p99:   5.468s, method:  simulated_annealing, last: 18,48,38,34,17,22,25,40,8,13,0,31,1,21,42,49,30,24,39,54,50,46,7,52,26,41,36,33,11,9,29,55,3,12,37,23,51,32,16,44,15,53,43,5,35,6,19,14,20,4,2,27,45,10,28,47
size:  57, solutions:     1, p99:   4.494s, method:  simulated_annealing, last: 21,45,24,16,55,13,46,10,20,18,34,2,29,17,56,7,50,33,53,15,22,27,32,52,54,14,23,6,4,47,37,42,3,5,48,8,11,0,26,40,25,28,19,38,9,43,39,30,12,49,44,35,51,31,1,41,36
size:  58, solutions:     1, p99:  20.499s, method:  simulated_annealing, last: 24,48,34,18,57,12,8,16,49,47,30,27,39,56,19,44,0,43,17,23,55,42,3,11,13,28,4,2,40,29,52,14,38,15,21,46,54,50,1,5,10,6,32,51,36,7,37,26,45,35,22,20,25,33,31,9,41,53
size:  59, solutions:     1, p99:   4.587s, method:  simulated_annealing, last: 6,19,45,42,21,31,29,23,38,34,0,13,25,49,58,39,3,17,9,50,41,30,37,5,7,24,18,28,32,57,8,36,16,55,53,46,56,47,52,1,33,27,54,15,51,48,10,35,2,4,44,40,11,26,12,20,22,14,43
size:  60, solutions:     1, p99:   5.465s, method:  simulated_annealing, last: 3,39,35,31,43,45,17,42,38,26,54,58,21,5,14,9,47,22,30,6,24,36,44,59,37,7,1,53,34,12,57,0,56,10,50,19,16,8,27,40,13,49,41,15,32,55,25,23,29,2,46,48,4,51,20,18,11,52,28,33
size:  61, solutions:     1, p99:   4.684s, method:  simulated_annealing, last: 9,41,32,2,48,36,51,33,40,3,25,18,26,59,16,1,50,52,57,37,45,29,6,13,30,12,23,60,4,56,43,53,28,31,44,47,27,10,17,20,22,5,35,8,39,49,15,58,19,54,42,7,55,0,14,38,24,34,46,11,21
size:  62, solutions:     1, p99:  10.434s, method:  simulated_annealing, last: 15,35,53,39,45,25,0,26,32,37,11,24,50,16,56,38,43,49,40,8,19,52,4,34,20,58,51,29,44,2,60,3,13,17,9,33,12,28,55,48,1,59,10,36,54,31,23,7,27,18,30,41,47,57,6,42,61,21,5,22,14,46
size:  63, solutions:     1, p99:  24.194s, method:  simulated_annealing, last: 36,45,10,48,39,1,59,50,17,40,0,6,14,25,8,57,31,18,32,26,20,54,5,43,34,38,42,56,9,51,47,11,23,21,62,46,55,61,3,37,33,30,19,49,4,15,13,52,22,35,53,2,27,16,41,7,60,29,24,28,44,58,12
size:  64, solutions:     1, p99:   6.557s, method:  simulated_annealing, last: 11,38,42,58,47,26,16,29,20,15,4,34,37,59,28,35,3,24,14,27,49,13,53,6,1,55,17,43,62,30,32,46,21,31,52,23,63,61,10,39,7,60,51,36,22,50,25,5,8,48,18,12,33,56,19,45,40,54,9,44,0,41,57,2
size:  65, solutions:     1, p99:   6.518s, method:  simulated_annealing, last: 39,25,40,24,20,18,35,53,62,3,0,64,4,31,63,48,30,51,2,10,28,19,59,34,29,61,21,27,7,5,26,56,41,43,16,55,9,52,44,22,12,58,1,45,11,14,33,36,49,46,15,54,32,57,42,23,37,17,13,8,6,60,47,38,50
size:  66, solutions:     1, p99:  11.371s, method:  simulated_annealing, last: 17,54,27,61,40,46,7,9,42,14,32,11,44,23,21,13,51,43,57,12,34,52,49,39,6,58,50,0,37,8,19,59,31,24,63,53,56,22,3,1,55,62,10,18,2,25,38,35,29,4,16,64,48,5,60,41,33,65,28,26,20,30,45,47,15,36
size:  67, solutions:     1, p99:   7.885s, method:  simulated_annealing, last: 14,39,44,19,47,28,46,17,63,58,35,55,51,22,59,23,40,43,9,0,42,10,12,20,30,56,27,60,57,3,29,18,37,45,13,6,1,7,36,11,2,52,15,25,62,66,38,49,61,34,65,54,48,8,21,31,33,50,41,53,16,4,26,32,64,5,24
size:  68, solutions:     1, p99:   9.277s, method:  simulated_annealing, last: 23,45,30,54,0,46,38,29,26,9,25,20,52,63,34,13,27,51,21,66,62,56,49,22,5,61,40,57,12,60,35,44,48,58,24,7,65,41,32,17,10,53,39,36,18,8,14,64,19,3,11,4,31,1,42,50,16,2,59,15,47,37,28,43,33,67,55,6
size:  69, solutions:     1, p99:   7.825s, method:  simulated_annealing, last: 39,7,12,2,53,23,30,68,10,45,17,36,66,50,35,43,51,18,32,27,33,3,9,54,40,63,0,25,13,44,64,6,65,37,31,61,59,5,47,22,52,60,1,8,16,11,26,67,34,42,55,15,41,49,14,28,48,19,21,62,29,38,56,24,20,4,57,46,58
size:  70, solutions:     1, p99:  15.472s, method:  simulated_annealing, last: 5,39,35,21,50,22,12,3,7,13,61,23,48,52,45,16,46,41,37,54,28,58,4,44,69,67,60,55,15,10,19,57,43,2,8,1,59,64,36,31,62,56,42,29,9,18,0,30,32,20,63,6,47,25,33,11,66,34,51,49,38,68,65,26,17,40,24,27,53,14
size:  71, solutions:     1, p99:   6.806s, method:  simulated_annealing, last: 12,32,55,37,59,50,36,66,24,20,7,65,16,26,57,29,14,9,2,58,49,31,39,44,68,34,27,51,28,61,19,67,13,3,52,40,18,0,53,4,62,69,22,38,64,1,5,33,17,45,10,54,43,46,60,30,41,15,48,11,6,63,56,70,25,42,8,21,47,35,23
size:  72, solutions:     1, p99:  11.229s, method:  simulated_annealing, last: 51,53,40,68,29,0,47,41,7,32,18,59,17,42,26,3,1,66,58,28,10,45,23,34,57,38,65,46,71,35,56,8,63,27,2,55,22,24,60,11,9,48,4,36,15,43,16,61,21,64,67,54,44,69,30,20,31,37,39,19,70,50,12,5,13,62,6,33,25,52,49,14
size:  73, solutions:     1, p99: 388.645s, method:  simulated_annealing, last: 37,12,48,5,35,54,72,60,50,14,19,49,6,69,20,36,56,16,22,66,33,28,44,52,24,13,61,68,43,47,53,26,15,63,1,21,62,17,30,67,59,4,27,0,40,7,58,55,65,31,11,41,10,2,70,8,32,29,39,18,51,71,3,38,57,25,34,64,42,46,9,23,45
