size:  22, solutions:     1, p99:   6.094s, method:       particle_swarm, last: 15,4,16,11,8,12,1,3,17,2,20,13,9,18,6,21,0,5,19,10,14,7
size:  22, solutions:     1, p99:   0.213s, method:  simulated_annealing, last: 15,6,0,16,10,8,18,9,19,17,2,20,5,12,21,3,7,13,4,1,14,11
size:  23, solutions:     1, p99:   2.197s, method:       particle_swarm, last: 8,3,21,10,15,17,4,7,13,18,6,1,5,2,11,14,20,9,19,22,0,12,16
size:  23, solutions:     1, p99:   0.451s, method:  simulated_annealing, last: 10,13,18,14,8,2,19,6,15,7,5,0,17,9,22,16,3,1,21,11,20,12,4
size:  24, solutions:     1, p99:   3.251s, method:       particle_swarm, last: 13,18,3,6,11,7,21,4,0,14,19,9,20,8,2,15,22,1,17,23,16,10,12,5
size:  24, solutions:     1, p99:   0.210s, method:  simulated_annealing, last: 16,12,5,15,6,3,14,17,4,22,1,8,18,2,21,7,11,0,19,9,13,20,10,23
size:  25, solutions:     1, p99:   5.501s, method:       particle_swarm, last: 9,14,18,24,10,6,1,17,15,12,3,23,16,13,4,2,21,5,7,0,11,19,8,22,20
size:  25, solutions:     1, p99:   0.031s, method:  simulated_annealing, last: 23,6,3,21,11,13,8,19,12,7,20,1,9,22,17,2,16,10,24,18,14,4,0,15,5
size:  26, solutions:     1, p99:   4.898s, method:       particle_swarm, last: 22,9,12,8,21,25,2,14,1,6,19,15,4,24,20,5,7,16,13,0,18,23,10,17,11,3
size:  26, solutions:     1, p99:   0.527s, method:  simulated_annealing, last: 19,24,16,14,20,0,4,1,5,2,23,17,11,9,18,15,21,3,8,10,22,6,25,12,7,13
size:  27, solutions:     1, p99:   4.681s, method:       particle_swarm, last: 21,9,25,13,4,20,1,23,11,8,12,24,26,2,18,16,7,22,6,15,0,5,14,10,17,19,3
size:  27, solutions:     1, p99:   0.727s, method:  simulated_annealing, last: 15,0,20,22,4,9,23,19,1,7,18,6,21,10,25,17,2,24,3,8,16,26,12,14,11,13,5
size:  28, solutions:     1, p99:   5.337s, method:       particle_swarm, last: 20,18,16,3,1,17,2,6,13,0,25,12,21,11,24,26,9,23,10,7,22,15,5,27,19,14,8,4
size:  28, solutions:     1, p99:   0.332s, method:  simulated_annealing, last: 9,20,3,16,8,23,27,10,18,11,21,26,1,5,0,15,6,12,25,4,19,17,13,2,22,7,14,24
size:  29, solutions:     1, p99:   9.848s, method:       particle_swarm, last: 18,4,23,12,19,3,11,0,27,21,14,25,7,26,6,17,15,28,24,2,8,5,22,20,9,16,1,13,10
size:  29, solutions:     1, p99:   0.783s, method:  simulated_annealing, last: 20,25,17,8,13,2,19,14,27,15,18,3,0,9,4,1,11,28,5,12,23,21,7,24,6,16,10,26,22
size:  30, solutions:     1, p99:   8.614s, method:       particle_swarm, last: 29,3,17,9,20,22,25,21,2,5,7,12,24,8,4,1,27,15,28,23,19,14,11,26,6,0,18,10,13,16
size:  30, solutions:     1, p99:   0.744s, method:  simulated_annealing, last: 25,5,10,15,22,16,13,24,3,1,4,9,11,29,27,2,21,17,14,28,8,23,0,20,6,26,7,18,12,19
size:  31, solutions:     1, p99:   9.210s, method:       particle_swarm, last: 19,11,6,14,2,18,12,8,22,29,10,3,30,28,26,1,23,20,13,27,9,15,5,25,0,7,17,24,21,16,4
size:  31, solutions:     1, p99:   0.717s, method:  simulated_annealing, last: 12,23,5,14,18,30,3,20,15,25,6,9,7,13,16,0,22,27,19,10,1,29,26,28,8,11,2,4,21,17,24
size:  32, solutions:     1, p99:  18.535s, method:       particle_swarm, last: 11,22,2,19,9,15,1,30,7,24,4,20,0,6,10,29,23,25,3,21,18,8,14,12,28,16,27,5,31,26,13,17
size:  32, solutions:     1, p99:   1.255s, method:  simulated_annealing, last: 8,24,11,9,17,15,27,10,26,29,22,0,28,30,4,14,21,19,13,5,31,2,6,3,20,25,23,18,7,1,12,16
size:  33, solutions:     1, p99:  17.235s, method:       particle_swarm, last: 22,8,4,0,17,30,20,5,9,32,26,29,27,16,14,23,7,10,6,11,24,31,28,2,19,12,25,21,18,13,3,1,15
size:  33, solutions:     1, p99:   1.253s, method:  simulated_annealing, last: 15,2,27,5,10,17,22,20,4,28,9,6,26,23,21,32,14,25,8,13,31,24,19,1,7,0,30,12,16,29,3,18,11
