size:  12, solutions:     1, p99:   0.022s, method:        back_tracking, last: 0,2,4,7,9,11,5,10,1,6,8,3
size:  12, solutions:     1, p99:   1.991s, method:              genetic, last: 3,10,6,4,0,11,8,5,1,9,7,2
size:  12, solutions:     1, p99:   0.020s, method:       particle_swarm, last: 0,4,7,5,10,6,1,11,2,8,3,9
size:  12, solutions:     1, p99:   0.004s, method:  simulated_annealing, last: 2,6,3,1,11,9,5,10,8,4,0,7
size:  13, solutions:     1, p99:   0.012s, method:        back_tracking, last: 0,2,4,1,8,11,9,12,3,5,7,10,6
size:  13, solutions:     1, p99:   6.029s, method:              genetic, last: 11,4,10,0,9,5,2,8,1,7,12,3,6
size:  13, solutions:     1, p99:   0.100s, method:       particle_swarm, last: 6,8,12,1,4,7,9,11,3,10,0,2,5
size:  13, solutions:     1, p99:   0.013s, method:  simulated_annealing, last: 3,10,6,1,12,5,8,0,9,4,2,7,11
size:  14, solutions:     1, p99:   0.244s, method:        back_tracking, last: 0,2,4,6,11,9,12,3,13,8,1,5,7,10
size:  14, solutions:     1, p99:   5.157s, method:              genetic, last: 9,7,1,3,6,13,10,0,4,12,5,8,2,11
size:  14, solutions:     1, p99:   0.858s, method:       particle_swarm, last: 6,8,3,12,0,7,1,10,5,2,4,9,11,13
size:  14, solutions:     1, p99:   0.043s, method:  simulated_annealing, last: 10,0,7,11,2,6,1,13,8,3,12,4,9,5
size:  15, solutions:     1, p99:   0.217s, method:        back_tracking, last: 0,2,4,1,9,11,13,3,12,8,5,14,6,10,7
size:  15, solutions:     1, p99:   4.623s, method:              genetic, last: 8,12,5,2,13,11,3,7,4,1,14,0,10,6,9
size:  15, solutions:     1, p99:   3.279s, method:       particle_swarm, last: 0,11,3,6,10,13,5,14,2,7,12,8,1,4,9
size:  15, solutions:     1, p99:   0.037s, method:  simulated_annealing, last: 3,9,4,12,5,0,10,14,6,2,7,1,11,13,8
size:  16, solutions:     1, p99:   1.948s, method:        back_tracking, last: 0,2,4,1,12,8,13,11,14,5,15,6,3,10,7,9
size:  16, solutions:     1, p99:   7.767s, method:              genetic, last: 7,10,14,0,15,8,4,2,9,5,12,1,11,13,6,3
size:  16, solutions:     1, p99:   0.506s, method:       particle_swarm, last: 8,11,4,2,10,14,7,3,1,13,15,0,12,5,9,6
size:  16, solutions:     1, p99:   0.124s, method:  simulated_annealing, last: 6,13,0,12,8,2,7,1,3,14,9,11,4,15,10,5
size:  17, solutions:     1, p99:   1.192s, method:        back_tracking, last: 0,2,4,1,7,10,14,6,15,13,16,3,5,8,11,9,12
size:  17, solutions:     1, p99:  16.008s, method:              genetic, last: 10,5,14,2,7,16,8,13,0,6,15,11,1,4,12,9,3
size:  17, solutions:     1, p99:   2.152s, method:       particle_swarm, last: 13,8,3,11,15,5,10,0,4,12,1,16,14,7,9,2,6
size:  17, solutions:     1, p99:   0.593s, method:  simulated_annealing, last: 3,1,7,15,10,16,14,9,5,2,0,6,13,11,8,4,12
size:  18, solutions:     1, p99:  10.609s, method:        back_tracking, last: 0,2,4,1,7,14,11,15,12,16,5,17,6,3,10,8,13,9
