size:   4, solutions:     1, p99:   0.000s, method:          brute_force, last: 1,3,0,2
size:   4, solutions:     1, p99:   0.000s, method:        back_tracking, last: 1,3,0,2
size:   4, solutions:     1, p99:   0.001s, method:              genetic, last: 1,3,0,2
size:   4, solutions:     1, p99:   0.001s, method:       particle_swarm, last: 1,3,0,2
size:   4, solutions:     1, p99:   0.000s, method:  simulated_annealing, last: 2,0,3,1
size:   5, solutions:     1, p99:   0.000s, method:          brute_force, last: 0,2,4,1,3
size:   5, solutions:     1, p99:   0.000s, method:        back_tracking, last: 0,2,4,1,3
size:   5, solutions:     1, p99:   0.001s, method:              genetic, last: 0,3,1,4,2
size:   5, solutions:     1, p99:   0.001s, method:       particle_swarm, last: 0,3,1,4,2
size:   5, solutions:     1, p99:   0.000s, method:  simulated_annealing, last: 3,1,4,2,0
size:   6, solutions:     1, p99:   0.001s, method:          brute_force, last: 1,3,5,0,2,4
size:   6, solutions:     1, p99:   0.001s, method:        back_tracking, last: 1,3,5,0,2,4
size:   6, solutions:     1, p99:   0.002s, method:              genetic, last: 1,3,5,0,2,4
size:   6, solutions:     1, p99:   0.001s, method:       particle_swarm, last: 1,3,5,0,2,4
size:   6, solutions:     1, p99:   0.003s, method:  simulated_annealing, last: 2,5,1,4,0,3
size:   7, solutions:     1, p99:   0.001s, method:          brute_force, last: 0,2,4,6,1,3,5
size:   7, solutions:     1, p99:   0.000s, method:        back_tracking, last: 0,2,4,6,1,3,5
size:   7, solutions:     1, p99:   0.001s, method:              genetic, last: 2,6,3,0,4,1,5
size:   7, solutions:     1, p99:   0.012s, method:       particle_swarm, last: 3,0,4,1,5,2,6
size:   7, solutions:     1, p99:   0.013s, method:  simulated_annealing, last: 1,6,4,2,0,5,3
size:   8, solutions:     1, p99:   0.014s, method:          brute_force, last: 0,4,7,5,2,6,1,3
size:   8, solutions:     1, p99:   0.004s, method:        back_tracking, last: 0,4,7,5,2,6,1,3
size:   8, solutions:     1, p99:   0.022s, method:              genetic, last: 2,0,6,4,7,1,3,5
size:   8, solutions:     1, p99:   0.007s, method:       particle_swarm, last: 5,2,4,7,0,3,1,6
size:   8, solutions:     1, p99:   0.010s, method:  simulated_annealing, last: 5,3,1,7,4,6,0,2
size:   9, solutions:     1, p99:   0.033s, method:          brute_force, last: 0,2,5,7,1,3,8,6,4
size:   9, solutions:     1, p99:   0.002s, method:        back_tracking, last: 0,2,5,7,1,3,8,6,4
size:   9, solutions:     1, p99:   0.036s, method:              genetic, last: 2,8,3,7,4,1,5,0,6
size:   9, solutions:     1, p99:   0.036s, method:       particle_swarm, last: 8,4,2,7,3,6,0,5,1
size:   9, solutions:     1, p99:   0.004s, method:  simulated_annealing, last: 8,2,5,3,0,7,4,6,1
size:  10, solutions:     1, p99:   0.299s, method:          brute_force, last: 0,2,5,7,9,4,8,1,3,6
size:  10, solutions:     1, p99:   0.006s, method:        back_tracking, last: 0,2,5,7,9,4,8,1,3,6
size:  10, solutions:     1, p99:   0.088s, method:              genetic, last: 9,6,4,1,7,0,2,8,5,3
size:  10, solutions:     1, p99:   0.018s, method:       particle_swarm, last: 8,3,0,4,9,1,5,7,2,6
size:  10, solutions:     1, p99:   0.001s, method:  simulated_annealing, last: 7,0,4,8,1,5,9,2,6,3
size:  11, solutions:     1, p99:   2.149s, method:          brute_force, last: 0,2,4,6,8,10,1,3,5,7,9
size:  11, solutions:     1, p99:   0.004s, method:        back_tracking, last: 0,2,4,6,8,10,1,3,5,7,9
size:  11, solutions:     1, p99:   0.304s, method:              genetic, last: 4,1,8,6,2,10,7,0,3,5,9
size:  11, solutions:     1, p99:   0.428s, method:       particle_swarm, last: 9,6,0,5,1,8,10,3,7,2,4
size:  11, solutions:     1, p99:   0.006s, method:  simulated_annealing, last: 6,3,10,0,9,5,2,8,1,7,4
size:  12, solutions:     1, p99:  19.589s, method:          brute_force, last: 0,2,4,7,9,11,5,10,1,6,8,3
size:  12, solutions:     1, p99:   0.024s, method:        back_tracking, last: 0,2,4,7,9,11,5,10,1,6,8,3
size:  12, solutions:     1, p99:   0.115s, method:              genetic, last: 9,1,5,2,6,10,0,11,4,7,3,8
size:  12, solutions:     1, p99:   0.268s, method:       particle_swarm, last: 1,4,11,7,10,2,5,9,0,3,8,6
size:  12, solutions:     1, p99:   0.050s, method:  simulated_annealing, last: 7,10,1,11,8,3,0,2,5,9,6,4
